<?xml version="1.0" encoding="UTF-8"?>
<robot generator="Robot 6.0.2 (Python 3.10.0 on win32)" generated="20240906 14:35:46.945" rpa="false" schemaversion="3">
<suite id="s1" name="Get-book" source="C:\Users\tkulc\Downloads\robot-grafana-dashboard\test\Get-book.robot">
<test id="s1-t1" name="1" line="5">
<kw name="Create Session" library="RequestsLibrary">
<arg>alias=get-books</arg>
<arg>url=https://demoqa.com</arg>
<arg>verify=${True}</arg>
<doc>Create Session: create a HTTP session to a server</doc>
<msg timestamp="20240906 14:35:47.110" level="INFO">Creating Session using : alias=get-books, url=https://demoqa.com, headers={},                     cookies={}, auth=None, timeout=None, proxies=None, verify=True,                     debug=0 </msg>
<status status="PASS" starttime="20240906 14:35:47.109" endtime="20240906 14:35:47.110"/>
</kw>
<kw name="GET On Session" library="RequestsLibrary">
<var>${response}</var>
<arg>alias=get-books</arg>
<arg>url=/BookStore/v1/Books</arg>
<arg>expected_status=200</arg>
<doc>Sends a GET request on a previously created HTTP Session.</doc>
<msg timestamp="20240906 14:35:47.780" level="INFO">GET Request : url=https://demoqa.com/BookStore/v1/Books 
 path_url=/BookStore/v1/Books 
 headers={'User-Agent': 'python-requests/2.28.2', 'Accept-Encoding': 'gzip, deflate', 'Accept': '*/*', 'Connection': 'keep-alive'} 
 body=None 
 </msg>
<msg timestamp="20240906 14:35:47.780" level="INFO">GET Response : url=https://demoqa.com/BookStore/v1/Books 
 status=200, reason=OK 
 headers={'Server': 'nginx/1.17.10 (Ubuntu)', 'Date': 'Fri, 06 Sep 2024 07:35:48 GMT', 'Content-Type': 'application/json; charset=utf-8', 'Content-Length': '4514', 'Connection': 'keep-alive', 'X-Powered-By': 'Express', 'ETag': 'W/"11a2-8zfX++QwcgaCjSU6F8JP9fUd1tY"'} 
 body={"books":[{"isbn":"9781449325862","title":"Git Pocket Guide","subTitle":"A Working Introduction","author":"Richard E. Silverman","publish_date":"2020-06-04T08:48:39.000Z","publisher":"O'Reilly Media","pages":234,"description":"This pocket guide is the perfect on-the-job companion to Git, the distributed version control system. It provides a compact, readable introduction to Git for new users, as well as a reference to common commands and procedures for those of you with Git exp","website":"http://chimera.labs.oreilly.com/books/1230000000561/index.html"},{"isbn":"9781449331818","title":"Learning JavaScript Design Patterns","subTitle":"A JavaScript and jQuery Developer's Guide","author":"Addy Osmani","publish_date":"2020-06-04T09:11:40.000Z","publisher":"O'Reilly Media","pages":254,"description":"With Learning JavaScript Design Patterns, you'll learn how to write beautiful, structured, and maintainable JavaScript by applying classical and modern design patterns to the language. If you want to keep your code efficient, more manageable, and up-to-da","website":"http://www.addyosmani.com/resources/essentialjsdesignpatterns/book/"},{"isbn":"9781449337711","title":"Designing Evolvable Web APIs with ASP.NET","subTitle":"Harnessing the Power of the Web","author":"Glenn Block et al.","publish_date":"2020-06-04T09:12:43.000Z","publisher":"O'Reilly Media","pages":238,"description":"Design and build Web APIs for a broad range of clients—including browsers and mobile devices—that can adapt to change over time. This practical, hands-on guide takes you through the theory and tools you need to build evolvable HTTP services with Microsoft","website":"http://chimera.labs.oreilly.com/books/1234000001708/index.html"},{"isbn":"9781449365035","title":"Speaking JavaScript","subTitle":"An In-Depth Guide for Programmers","author":"Axel Rauschmayer","publish_date":"2014-02-01T00:00:00.000Z","publisher":"O'Reilly Media","pages":460,"description":"Like it or not, JavaScript is everywhere these days-from browser to server to mobile-and now you, too, need to learn the language or dive deeper than you have. This concise book guides you into and through JavaScript, written by a veteran programmer who o","website":"http://speakingjs.com/"},{"isbn":"9781491904244","title":"You Don't Know JS","subTitle":"ES6 &amp; Beyond","author":"Kyle Simpson","publish_date":"2015-12-27T00:00:00.000Z","publisher":"O'Reilly Media","pages":278,"description":"No matter how much experience you have with JavaScript, odds are you don’t fully understand the language. As part of the \\\"You Don’t Know JS\\\" series, this compact guide focuses on new features available in ECMAScript 6 (ES6), the latest version of the st","website":"https://github.com/getify/You-Dont-Know-JS/tree/master/es6%20&amp;%20beyond"},{"isbn":"9781491950296","title":"Programming JavaScript Applications","subTitle":"Robust Web Architecture with Node, HTML5, and Modern JS Libraries","author":"Eric Elliott","publish_date":"2014-07-01T00:00:00.000Z","publisher":"O'Reilly Media","pages":254,"description":"Take advantage of JavaScript's power to build robust web-scale or enterprise applications that are easy to extend and maintain. By applying the design patterns outlined in this practical book, experienced JavaScript developers will learn how to write flex","website":"http://chimera.labs.oreilly.com/books/1234000000262/index.html"},{"isbn":"9781593275846","title":"Eloquent JavaScript, Second Edition","subTitle":"A Modern Introduction to Programming","author":"Marijn Haverbeke","publish_date":"2014-12-14T00:00:00.000Z","publisher":"No Starch Press","pages":472,"description":"JavaScript lies at the heart of almost every modern web application, from social apps to the newest browser-based games. Though simple for beginners to pick up and play with, JavaScript is a flexible, complex language that you can use to build full-scale ","website":"http://eloquentjavascript.net/"},{"isbn":"9781593277574","title":"Understanding ECMAScript 6","subTitle":"The Definitive Guide for JavaScript Developers","author":"Nicholas C. Zakas","publish_date":"2016-09-03T00:00:00.000Z","publisher":"No Starch Press","pages":352,"description":"ECMAScript 6 represents the biggest update to the core of JavaScript in the history of the language. In Understanding ECMAScript 6, expert developer Nicholas C. Zakas provides a complete guide to the object types, syntax, and other exciting changes that E","website":"https://leanpub.com/understandinges6/read"}]} 
 </msg>
<msg timestamp="20240906 14:35:47.781" level="INFO">${response} = &lt;Response [200]&gt;</msg>
<status status="PASS" starttime="20240906 14:35:47.111" endtime="20240906 14:35:47.781"/>
</kw>
<kw name="Log" library="BuiltIn">
<arg>${response.status_code}</arg>
<doc>Logs the given message with the given level.</doc>
<msg timestamp="20240906 14:35:47.782" level="INFO">200</msg>
<status status="PASS" starttime="20240906 14:35:47.781" endtime="20240906 14:35:47.782"/>
</kw>
<kw name="Log" library="BuiltIn">
<arg>${response.json()}</arg>
<doc>Logs the given message with the given level.</doc>
<msg timestamp="20240906 14:35:47.783" level="INFO">{'books': [{'isbn': '9781449325862', 'title': 'Git Pocket Guide', 'subTitle': 'A Working Introduction', 'author': 'Richard E. Silverman', 'publish_date': '2020-06-04T08:48:39.000Z', 'publisher': "O'Reilly Media", 'pages': 234, 'description': 'This pocket guide is the perfect on-the-job companion to Git, the distributed version control system. It provides a compact, readable introduction to Git for new users, as well as a reference to common commands and procedures for those of you with Git exp', 'website': 'http://chimera.labs.oreilly.com/books/1230000000561/index.html'}, {'isbn': '9781449331818', 'title': 'Learning JavaScript Design Patterns', 'subTitle': "A JavaScript and jQuery Developer's Guide", 'author': 'Addy Osmani', 'publish_date': '2020-06-04T09:11:40.000Z', 'publisher': "O'Reilly Media", 'pages': 254, 'description': "With Learning JavaScript Design Patterns, you'll learn how to write beautiful, structured, and maintainable JavaScript by applying classical and modern design patterns to the language. If you want to keep your code efficient, more manageable, and up-to-da", 'website': 'http://www.addyosmani.com/resources/essentialjsdesignpatterns/book/'}, {'isbn': '9781449337711', 'title': 'Designing Evolvable Web APIs with ASP.NET', 'subTitle': 'Harnessing the Power of the Web', 'author': 'Glenn Block et al.', 'publish_date': '2020-06-04T09:12:43.000Z', 'publisher': "O'Reilly Media", 'pages': 238, 'description': 'Design and build Web APIs for a broad range of clients—including browsers and mobile devices—that can adapt to change over time. This practical, hands-on guide takes you through the theory and tools you need to build evolvable HTTP services with Microsoft', 'website': 'http://chimera.labs.oreilly.com/books/1234000001708/index.html'}, {'isbn': '9781449365035', 'title': 'Speaking JavaScript', 'subTitle': 'An In-Depth Guide for Programmers', 'author': 'Axel Rauschmayer', 'publish_date': '2014-02-01T00:00:00.000Z', 'publisher': "O'Reilly Media", 'pages': 460, 'description': 'Like it or not, JavaScript is everywhere these days-from browser to server to mobile-and now you, too, need to learn the language or dive deeper than you have. This concise book guides you into and through JavaScript, written by a veteran programmer who o', 'website': 'http://speakingjs.com/'}, {'isbn': '9781491904244', 'title': "You Don't Know JS", 'subTitle': 'ES6 &amp; Beyond', 'author': 'Kyle Simpson', 'publish_date': '2015-12-27T00:00:00.000Z', 'publisher': "O'Reilly Media", 'pages': 278, 'description': 'No matter how much experience you have with JavaScript, odds are you don’t fully understand the language. As part of the \\"You Don’t Know JS\\" series, this compact guide focuses on new features available in ECMAScript 6 (ES6), the latest version of the st', 'website': 'https://github.com/getify/You-Dont-Know-JS/tree/master/es6%20&amp;%20beyond'}, {'isbn': '9781491950296', 'title': 'Programming JavaScript Applications', 'subTitle': 'Robust Web Architecture with Node, HTML5, and Modern JS Libraries', 'author': 'Eric Elliott', 'publish_date': '2014-07-01T00:00:00.000Z', 'publisher': "O'Reilly Media", 'pages': 254, 'description': "Take advantage of JavaScript's power to build robust web-scale or enterprise applications that are easy to extend and maintain. By applying the design patterns outlined in this practical book, experienced JavaScript developers will learn how to write flex", 'website': 'http://chimera.labs.oreilly.com/books/1234000000262/index.html'}, {'isbn': '9781593275846', 'title': 'Eloquent JavaScript, Second Edition', 'subTitle': 'A Modern Introduction to Programming', 'author': 'Marijn Haverbeke', 'publish_date': '2014-12-14T00:00:00.000Z', 'publisher': 'No Starch Press', 'pages': 472, 'description': 'JavaScript lies at the heart of almost every modern web application, from social apps to the newest browser-based games. Though simple for beginners to pick up and play with, JavaScript is a flexible, complex language that you can use to build full-scale ', 'website': 'http://eloquentjavascript.net/'}, {'isbn': '9781593277574', 'title': 'Understanding ECMAScript 6', 'subTitle': 'The Definitive Guide for JavaScript Developers', 'author': 'Nicholas C. Zakas', 'publish_date': '2016-09-03T00:00:00.000Z', 'publisher': 'No Starch Press', 'pages': 352, 'description': 'ECMAScript 6 represents the biggest update to the core of JavaScript in the history of the language. In Understanding ECMAScript 6, expert developer Nicholas C. Zakas provides a complete guide to the object types, syntax, and other exciting changes that E', 'website': 'https://leanpub.com/understandinges6/read'}]}</msg>
<status status="PASS" starttime="20240906 14:35:47.782" endtime="20240906 14:35:47.783"/>
</kw>
<kw name="Log" library="BuiltIn">
<arg>${response.json()}[books][0][title]</arg>
<doc>Logs the given message with the given level.</doc>
<msg timestamp="20240906 14:35:47.784" level="INFO">Git Pocket Guide</msg>
<status status="PASS" starttime="20240906 14:35:47.783" endtime="20240906 14:35:47.784"/>
</kw>
<kw name="Should Be Equal" library="BuiltIn">
<arg>Git Pocket Guide</arg>
<arg>${response.json()}[books][0][title]</arg>
<doc>Fails if the given objects are unequal.</doc>
<status status="PASS" starttime="20240906 14:35:47.785" endtime="20240906 14:35:47.786"/>
</kw>
<tag>Testgrafana1</tag>
<status status="PASS" starttime="20240906 14:35:47.109" endtime="20240906 14:35:47.786"/>
</test>
<test id="s1-t2" name="2" line="14">
<kw name="Create Session" library="RequestsLibrary">
<arg>alias=get-books</arg>
<arg>url=https://demoqa.com</arg>
<arg>verify=${True}</arg>
<doc>Create Session: create a HTTP session to a server</doc>
<msg timestamp="20240906 14:35:47.787" level="INFO">Creating Session using : alias=get-books, url=https://demoqa.com, headers={},                     cookies={}, auth=None, timeout=None, proxies=None, verify=True,                     debug=0 </msg>
<status status="PASS" starttime="20240906 14:35:47.787" endtime="20240906 14:35:47.787"/>
</kw>
<kw name="GET On Session" library="RequestsLibrary">
<var>${response}</var>
<arg>alias=get-books</arg>
<arg>url=/BookStore/v1/Books</arg>
<arg>expected_status=200</arg>
<doc>Sends a GET request on a previously created HTTP Session.</doc>
<msg timestamp="20240906 14:35:48.451" level="INFO">GET Request : url=https://demoqa.com/BookStore/v1/Books 
 path_url=/BookStore/v1/Books 
 headers={'User-Agent': 'python-requests/2.28.2', 'Accept-Encoding': 'gzip, deflate', 'Accept': '*/*', 'Connection': 'keep-alive'} 
 body=None 
 </msg>
<msg timestamp="20240906 14:35:48.451" level="INFO">GET Response : url=https://demoqa.com/BookStore/v1/Books 
 status=200, reason=OK 
 headers={'Server': 'nginx/1.17.10 (Ubuntu)', 'Date': 'Fri, 06 Sep 2024 07:35:48 GMT', 'Content-Type': 'application/json; charset=utf-8', 'Content-Length': '4514', 'Connection': 'keep-alive', 'X-Powered-By': 'Express', 'ETag': 'W/"11a2-8zfX++QwcgaCjSU6F8JP9fUd1tY"'} 
 body={"books":[{"isbn":"9781449325862","title":"Git Pocket Guide","subTitle":"A Working Introduction","author":"Richard E. Silverman","publish_date":"2020-06-04T08:48:39.000Z","publisher":"O'Reilly Media","pages":234,"description":"This pocket guide is the perfect on-the-job companion to Git, the distributed version control system. It provides a compact, readable introduction to Git for new users, as well as a reference to common commands and procedures for those of you with Git exp","website":"http://chimera.labs.oreilly.com/books/1230000000561/index.html"},{"isbn":"9781449331818","title":"Learning JavaScript Design Patterns","subTitle":"A JavaScript and jQuery Developer's Guide","author":"Addy Osmani","publish_date":"2020-06-04T09:11:40.000Z","publisher":"O'Reilly Media","pages":254,"description":"With Learning JavaScript Design Patterns, you'll learn how to write beautiful, structured, and maintainable JavaScript by applying classical and modern design patterns to the language. If you want to keep your code efficient, more manageable, and up-to-da","website":"http://www.addyosmani.com/resources/essentialjsdesignpatterns/book/"},{"isbn":"9781449337711","title":"Designing Evolvable Web APIs with ASP.NET","subTitle":"Harnessing the Power of the Web","author":"Glenn Block et al.","publish_date":"2020-06-04T09:12:43.000Z","publisher":"O'Reilly Media","pages":238,"description":"Design and build Web APIs for a broad range of clients—including browsers and mobile devices—that can adapt to change over time. This practical, hands-on guide takes you through the theory and tools you need to build evolvable HTTP services with Microsoft","website":"http://chimera.labs.oreilly.com/books/1234000001708/index.html"},{"isbn":"9781449365035","title":"Speaking JavaScript","subTitle":"An In-Depth Guide for Programmers","author":"Axel Rauschmayer","publish_date":"2014-02-01T00:00:00.000Z","publisher":"O'Reilly Media","pages":460,"description":"Like it or not, JavaScript is everywhere these days-from browser to server to mobile-and now you, too, need to learn the language or dive deeper than you have. This concise book guides you into and through JavaScript, written by a veteran programmer who o","website":"http://speakingjs.com/"},{"isbn":"9781491904244","title":"You Don't Know JS","subTitle":"ES6 &amp; Beyond","author":"Kyle Simpson","publish_date":"2015-12-27T00:00:00.000Z","publisher":"O'Reilly Media","pages":278,"description":"No matter how much experience you have with JavaScript, odds are you don’t fully understand the language. As part of the \\\"You Don’t Know JS\\\" series, this compact guide focuses on new features available in ECMAScript 6 (ES6), the latest version of the st","website":"https://github.com/getify/You-Dont-Know-JS/tree/master/es6%20&amp;%20beyond"},{"isbn":"9781491950296","title":"Programming JavaScript Applications","subTitle":"Robust Web Architecture with Node, HTML5, and Modern JS Libraries","author":"Eric Elliott","publish_date":"2014-07-01T00:00:00.000Z","publisher":"O'Reilly Media","pages":254,"description":"Take advantage of JavaScript's power to build robust web-scale or enterprise applications that are easy to extend and maintain. By applying the design patterns outlined in this practical book, experienced JavaScript developers will learn how to write flex","website":"http://chimera.labs.oreilly.com/books/1234000000262/index.html"},{"isbn":"9781593275846","title":"Eloquent JavaScript, Second Edition","subTitle":"A Modern Introduction to Programming","author":"Marijn Haverbeke","publish_date":"2014-12-14T00:00:00.000Z","publisher":"No Starch Press","pages":472,"description":"JavaScript lies at the heart of almost every modern web application, from social apps to the newest browser-based games. Though simple for beginners to pick up and play with, JavaScript is a flexible, complex language that you can use to build full-scale ","website":"http://eloquentjavascript.net/"},{"isbn":"9781593277574","title":"Understanding ECMAScript 6","subTitle":"The Definitive Guide for JavaScript Developers","author":"Nicholas C. Zakas","publish_date":"2016-09-03T00:00:00.000Z","publisher":"No Starch Press","pages":352,"description":"ECMAScript 6 represents the biggest update to the core of JavaScript in the history of the language. In Understanding ECMAScript 6, expert developer Nicholas C. Zakas provides a complete guide to the object types, syntax, and other exciting changes that E","website":"https://leanpub.com/understandinges6/read"}]} 
 </msg>
<msg timestamp="20240906 14:35:48.451" level="INFO">${response} = &lt;Response [200]&gt;</msg>
<status status="PASS" starttime="20240906 14:35:47.789" endtime="20240906 14:35:48.451"/>
</kw>
<kw name="Log" library="BuiltIn">
<arg>${response.status_code}</arg>
<doc>Logs the given message with the given level.</doc>
<msg timestamp="20240906 14:35:48.452" level="INFO">200</msg>
<status status="PASS" starttime="20240906 14:35:48.452" endtime="20240906 14:35:48.452"/>
</kw>
<kw name="Log" library="BuiltIn">
<arg>${response.json()}</arg>
<doc>Logs the given message with the given level.</doc>
<msg timestamp="20240906 14:35:48.453" level="INFO">{'books': [{'isbn': '9781449325862', 'title': 'Git Pocket Guide', 'subTitle': 'A Working Introduction', 'author': 'Richard E. Silverman', 'publish_date': '2020-06-04T08:48:39.000Z', 'publisher': "O'Reilly Media", 'pages': 234, 'description': 'This pocket guide is the perfect on-the-job companion to Git, the distributed version control system. It provides a compact, readable introduction to Git for new users, as well as a reference to common commands and procedures for those of you with Git exp', 'website': 'http://chimera.labs.oreilly.com/books/1230000000561/index.html'}, {'isbn': '9781449331818', 'title': 'Learning JavaScript Design Patterns', 'subTitle': "A JavaScript and jQuery Developer's Guide", 'author': 'Addy Osmani', 'publish_date': '2020-06-04T09:11:40.000Z', 'publisher': "O'Reilly Media", 'pages': 254, 'description': "With Learning JavaScript Design Patterns, you'll learn how to write beautiful, structured, and maintainable JavaScript by applying classical and modern design patterns to the language. If you want to keep your code efficient, more manageable, and up-to-da", 'website': 'http://www.addyosmani.com/resources/essentialjsdesignpatterns/book/'}, {'isbn': '9781449337711', 'title': 'Designing Evolvable Web APIs with ASP.NET', 'subTitle': 'Harnessing the Power of the Web', 'author': 'Glenn Block et al.', 'publish_date': '2020-06-04T09:12:43.000Z', 'publisher': "O'Reilly Media", 'pages': 238, 'description': 'Design and build Web APIs for a broad range of clients—including browsers and mobile devices—that can adapt to change over time. This practical, hands-on guide takes you through the theory and tools you need to build evolvable HTTP services with Microsoft', 'website': 'http://chimera.labs.oreilly.com/books/1234000001708/index.html'}, {'isbn': '9781449365035', 'title': 'Speaking JavaScript', 'subTitle': 'An In-Depth Guide for Programmers', 'author': 'Axel Rauschmayer', 'publish_date': '2014-02-01T00:00:00.000Z', 'publisher': "O'Reilly Media", 'pages': 460, 'description': 'Like it or not, JavaScript is everywhere these days-from browser to server to mobile-and now you, too, need to learn the language or dive deeper than you have. This concise book guides you into and through JavaScript, written by a veteran programmer who o', 'website': 'http://speakingjs.com/'}, {'isbn': '9781491904244', 'title': "You Don't Know JS", 'subTitle': 'ES6 &amp; Beyond', 'author': 'Kyle Simpson', 'publish_date': '2015-12-27T00:00:00.000Z', 'publisher': "O'Reilly Media", 'pages': 278, 'description': 'No matter how much experience you have with JavaScript, odds are you don’t fully understand the language. As part of the \\"You Don’t Know JS\\" series, this compact guide focuses on new features available in ECMAScript 6 (ES6), the latest version of the st', 'website': 'https://github.com/getify/You-Dont-Know-JS/tree/master/es6%20&amp;%20beyond'}, {'isbn': '9781491950296', 'title': 'Programming JavaScript Applications', 'subTitle': 'Robust Web Architecture with Node, HTML5, and Modern JS Libraries', 'author': 'Eric Elliott', 'publish_date': '2014-07-01T00:00:00.000Z', 'publisher': "O'Reilly Media", 'pages': 254, 'description': "Take advantage of JavaScript's power to build robust web-scale or enterprise applications that are easy to extend and maintain. By applying the design patterns outlined in this practical book, experienced JavaScript developers will learn how to write flex", 'website': 'http://chimera.labs.oreilly.com/books/1234000000262/index.html'}, {'isbn': '9781593275846', 'title': 'Eloquent JavaScript, Second Edition', 'subTitle': 'A Modern Introduction to Programming', 'author': 'Marijn Haverbeke', 'publish_date': '2014-12-14T00:00:00.000Z', 'publisher': 'No Starch Press', 'pages': 472, 'description': 'JavaScript lies at the heart of almost every modern web application, from social apps to the newest browser-based games. Though simple for beginners to pick up and play with, JavaScript is a flexible, complex language that you can use to build full-scale ', 'website': 'http://eloquentjavascript.net/'}, {'isbn': '9781593277574', 'title': 'Understanding ECMAScript 6', 'subTitle': 'The Definitive Guide for JavaScript Developers', 'author': 'Nicholas C. Zakas', 'publish_date': '2016-09-03T00:00:00.000Z', 'publisher': 'No Starch Press', 'pages': 352, 'description': 'ECMAScript 6 represents the biggest update to the core of JavaScript in the history of the language. In Understanding ECMAScript 6, expert developer Nicholas C. Zakas provides a complete guide to the object types, syntax, and other exciting changes that E', 'website': 'https://leanpub.com/understandinges6/read'}]}</msg>
<status status="PASS" starttime="20240906 14:35:48.453" endtime="20240906 14:35:48.453"/>
</kw>
<kw name="Log" library="BuiltIn">
<arg>${response.json()}[books][0][title]</arg>
<doc>Logs the given message with the given level.</doc>
<msg timestamp="20240906 14:35:48.454" level="INFO">Git Pocket Guide</msg>
<status status="PASS" starttime="20240906 14:35:48.454" endtime="20240906 14:35:48.454"/>
</kw>
<kw name="Should Be Equal" library="BuiltIn">
<arg>Git Pocket Guide</arg>
<arg>${response.json()}[books][0][title]</arg>
<doc>Fails if the given objects are unequal.</doc>
<status status="PASS" starttime="20240906 14:35:48.455" endtime="20240906 14:35:48.455"/>
</kw>
<kw name="Fail" library="BuiltIn">
<doc>Fails the test with the given message and optionally alters its tags.</doc>
<msg timestamp="20240906 14:35:48.456" level="FAIL">AssertionError</msg>
<status status="FAIL" starttime="20240906 14:35:48.456" endtime="20240906 14:35:48.456"/>
</kw>
<tag>Testgrafana2</tag>
<status status="FAIL" starttime="20240906 14:35:47.787" endtime="20240906 14:35:48.457">AssertionError</status>
</test>
<test id="s1-t3" name="3" line="24">
<kw name="Create Session" library="RequestsLibrary">
<arg>alias=get-books</arg>
<arg>url=https://demoqa.com</arg>
<arg>verify=${True}</arg>
<doc>Create Session: create a HTTP session to a server</doc>
<msg timestamp="20240906 14:35:48.459" level="INFO">Creating Session using : alias=get-books, url=https://demoqa.com, headers={},                     cookies={}, auth=None, timeout=None, proxies=None, verify=True,                     debug=0 </msg>
<status status="PASS" starttime="20240906 14:35:48.459" endtime="20240906 14:35:48.459"/>
</kw>
<kw name="GET On Session" library="RequestsLibrary">
<var>${response}</var>
<arg>alias=get-books</arg>
<arg>url=/BookStore/v1/Books</arg>
<arg>expected_status=200</arg>
<doc>Sends a GET request on a previously created HTTP Session.</doc>
<msg timestamp="20240906 14:35:49.082" level="INFO">GET Request : url=https://demoqa.com/BookStore/v1/Books 
 path_url=/BookStore/v1/Books 
 headers={'User-Agent': 'python-requests/2.28.2', 'Accept-Encoding': 'gzip, deflate', 'Accept': '*/*', 'Connection': 'keep-alive'} 
 body=None 
 </msg>
<msg timestamp="20240906 14:35:49.082" level="INFO">GET Response : url=https://demoqa.com/BookStore/v1/Books 
 status=200, reason=OK 
 headers={'Server': 'nginx/1.17.10 (Ubuntu)', 'Date': 'Fri, 06 Sep 2024 07:35:49 GMT', 'Content-Type': 'application/json; charset=utf-8', 'Content-Length': '4514', 'Connection': 'keep-alive', 'X-Powered-By': 'Express', 'ETag': 'W/"11a2-8zfX++QwcgaCjSU6F8JP9fUd1tY"'} 
 body={"books":[{"isbn":"9781449325862","title":"Git Pocket Guide","subTitle":"A Working Introduction","author":"Richard E. Silverman","publish_date":"2020-06-04T08:48:39.000Z","publisher":"O'Reilly Media","pages":234,"description":"This pocket guide is the perfect on-the-job companion to Git, the distributed version control system. It provides a compact, readable introduction to Git for new users, as well as a reference to common commands and procedures for those of you with Git exp","website":"http://chimera.labs.oreilly.com/books/1230000000561/index.html"},{"isbn":"9781449331818","title":"Learning JavaScript Design Patterns","subTitle":"A JavaScript and jQuery Developer's Guide","author":"Addy Osmani","publish_date":"2020-06-04T09:11:40.000Z","publisher":"O'Reilly Media","pages":254,"description":"With Learning JavaScript Design Patterns, you'll learn how to write beautiful, structured, and maintainable JavaScript by applying classical and modern design patterns to the language. If you want to keep your code efficient, more manageable, and up-to-da","website":"http://www.addyosmani.com/resources/essentialjsdesignpatterns/book/"},{"isbn":"9781449337711","title":"Designing Evolvable Web APIs with ASP.NET","subTitle":"Harnessing the Power of the Web","author":"Glenn Block et al.","publish_date":"2020-06-04T09:12:43.000Z","publisher":"O'Reilly Media","pages":238,"description":"Design and build Web APIs for a broad range of clients—including browsers and mobile devices—that can adapt to change over time. This practical, hands-on guide takes you through the theory and tools you need to build evolvable HTTP services with Microsoft","website":"http://chimera.labs.oreilly.com/books/1234000001708/index.html"},{"isbn":"9781449365035","title":"Speaking JavaScript","subTitle":"An In-Depth Guide for Programmers","author":"Axel Rauschmayer","publish_date":"2014-02-01T00:00:00.000Z","publisher":"O'Reilly Media","pages":460,"description":"Like it or not, JavaScript is everywhere these days-from browser to server to mobile-and now you, too, need to learn the language or dive deeper than you have. This concise book guides you into and through JavaScript, written by a veteran programmer who o","website":"http://speakingjs.com/"},{"isbn":"9781491904244","title":"You Don't Know JS","subTitle":"ES6 &amp; Beyond","author":"Kyle Simpson","publish_date":"2015-12-27T00:00:00.000Z","publisher":"O'Reilly Media","pages":278,"description":"No matter how much experience you have with JavaScript, odds are you don’t fully understand the language. As part of the \\\"You Don’t Know JS\\\" series, this compact guide focuses on new features available in ECMAScript 6 (ES6), the latest version of the st","website":"https://github.com/getify/You-Dont-Know-JS/tree/master/es6%20&amp;%20beyond"},{"isbn":"9781491950296","title":"Programming JavaScript Applications","subTitle":"Robust Web Architecture with Node, HTML5, and Modern JS Libraries","author":"Eric Elliott","publish_date":"2014-07-01T00:00:00.000Z","publisher":"O'Reilly Media","pages":254,"description":"Take advantage of JavaScript's power to build robust web-scale or enterprise applications that are easy to extend and maintain. By applying the design patterns outlined in this practical book, experienced JavaScript developers will learn how to write flex","website":"http://chimera.labs.oreilly.com/books/1234000000262/index.html"},{"isbn":"9781593275846","title":"Eloquent JavaScript, Second Edition","subTitle":"A Modern Introduction to Programming","author":"Marijn Haverbeke","publish_date":"2014-12-14T00:00:00.000Z","publisher":"No Starch Press","pages":472,"description":"JavaScript lies at the heart of almost every modern web application, from social apps to the newest browser-based games. Though simple for beginners to pick up and play with, JavaScript is a flexible, complex language that you can use to build full-scale ","website":"http://eloquentjavascript.net/"},{"isbn":"9781593277574","title":"Understanding ECMAScript 6","subTitle":"The Definitive Guide for JavaScript Developers","author":"Nicholas C. Zakas","publish_date":"2016-09-03T00:00:00.000Z","publisher":"No Starch Press","pages":352,"description":"ECMAScript 6 represents the biggest update to the core of JavaScript in the history of the language. In Understanding ECMAScript 6, expert developer Nicholas C. Zakas provides a complete guide to the object types, syntax, and other exciting changes that E","website":"https://leanpub.com/understandinges6/read"}]} 
 </msg>
<msg timestamp="20240906 14:35:49.082" level="INFO">${response} = &lt;Response [200]&gt;</msg>
<status status="PASS" starttime="20240906 14:35:48.459" endtime="20240906 14:35:49.082"/>
</kw>
<kw name="Log" library="BuiltIn">
<arg>${response.status_code}</arg>
<doc>Logs the given message with the given level.</doc>
<msg timestamp="20240906 14:35:49.083" level="INFO">200</msg>
<status status="PASS" starttime="20240906 14:35:49.083" endtime="20240906 14:35:49.083"/>
</kw>
<kw name="Log" library="BuiltIn">
<arg>${response.json()}</arg>
<doc>Logs the given message with the given level.</doc>
<msg timestamp="20240906 14:35:49.084" level="INFO">{'books': [{'isbn': '9781449325862', 'title': 'Git Pocket Guide', 'subTitle': 'A Working Introduction', 'author': 'Richard E. Silverman', 'publish_date': '2020-06-04T08:48:39.000Z', 'publisher': "O'Reilly Media", 'pages': 234, 'description': 'This pocket guide is the perfect on-the-job companion to Git, the distributed version control system. It provides a compact, readable introduction to Git for new users, as well as a reference to common commands and procedures for those of you with Git exp', 'website': 'http://chimera.labs.oreilly.com/books/1230000000561/index.html'}, {'isbn': '9781449331818', 'title': 'Learning JavaScript Design Patterns', 'subTitle': "A JavaScript and jQuery Developer's Guide", 'author': 'Addy Osmani', 'publish_date': '2020-06-04T09:11:40.000Z', 'publisher': "O'Reilly Media", 'pages': 254, 'description': "With Learning JavaScript Design Patterns, you'll learn how to write beautiful, structured, and maintainable JavaScript by applying classical and modern design patterns to the language. If you want to keep your code efficient, more manageable, and up-to-da", 'website': 'http://www.addyosmani.com/resources/essentialjsdesignpatterns/book/'}, {'isbn': '9781449337711', 'title': 'Designing Evolvable Web APIs with ASP.NET', 'subTitle': 'Harnessing the Power of the Web', 'author': 'Glenn Block et al.', 'publish_date': '2020-06-04T09:12:43.000Z', 'publisher': "O'Reilly Media", 'pages': 238, 'description': 'Design and build Web APIs for a broad range of clients—including browsers and mobile devices—that can adapt to change over time. This practical, hands-on guide takes you through the theory and tools you need to build evolvable HTTP services with Microsoft', 'website': 'http://chimera.labs.oreilly.com/books/1234000001708/index.html'}, {'isbn': '9781449365035', 'title': 'Speaking JavaScript', 'subTitle': 'An In-Depth Guide for Programmers', 'author': 'Axel Rauschmayer', 'publish_date': '2014-02-01T00:00:00.000Z', 'publisher': "O'Reilly Media", 'pages': 460, 'description': 'Like it or not, JavaScript is everywhere these days-from browser to server to mobile-and now you, too, need to learn the language or dive deeper than you have. This concise book guides you into and through JavaScript, written by a veteran programmer who o', 'website': 'http://speakingjs.com/'}, {'isbn': '9781491904244', 'title': "You Don't Know JS", 'subTitle': 'ES6 &amp; Beyond', 'author': 'Kyle Simpson', 'publish_date': '2015-12-27T00:00:00.000Z', 'publisher': "O'Reilly Media", 'pages': 278, 'description': 'No matter how much experience you have with JavaScript, odds are you don’t fully understand the language. As part of the \\"You Don’t Know JS\\" series, this compact guide focuses on new features available in ECMAScript 6 (ES6), the latest version of the st', 'website': 'https://github.com/getify/You-Dont-Know-JS/tree/master/es6%20&amp;%20beyond'}, {'isbn': '9781491950296', 'title': 'Programming JavaScript Applications', 'subTitle': 'Robust Web Architecture with Node, HTML5, and Modern JS Libraries', 'author': 'Eric Elliott', 'publish_date': '2014-07-01T00:00:00.000Z', 'publisher': "O'Reilly Media", 'pages': 254, 'description': "Take advantage of JavaScript's power to build robust web-scale or enterprise applications that are easy to extend and maintain. By applying the design patterns outlined in this practical book, experienced JavaScript developers will learn how to write flex", 'website': 'http://chimera.labs.oreilly.com/books/1234000000262/index.html'}, {'isbn': '9781593275846', 'title': 'Eloquent JavaScript, Second Edition', 'subTitle': 'A Modern Introduction to Programming', 'author': 'Marijn Haverbeke', 'publish_date': '2014-12-14T00:00:00.000Z', 'publisher': 'No Starch Press', 'pages': 472, 'description': 'JavaScript lies at the heart of almost every modern web application, from social apps to the newest browser-based games. Though simple for beginners to pick up and play with, JavaScript is a flexible, complex language that you can use to build full-scale ', 'website': 'http://eloquentjavascript.net/'}, {'isbn': '9781593277574', 'title': 'Understanding ECMAScript 6', 'subTitle': 'The Definitive Guide for JavaScript Developers', 'author': 'Nicholas C. Zakas', 'publish_date': '2016-09-03T00:00:00.000Z', 'publisher': 'No Starch Press', 'pages': 352, 'description': 'ECMAScript 6 represents the biggest update to the core of JavaScript in the history of the language. In Understanding ECMAScript 6, expert developer Nicholas C. Zakas provides a complete guide to the object types, syntax, and other exciting changes that E', 'website': 'https://leanpub.com/understandinges6/read'}]}</msg>
<status status="PASS" starttime="20240906 14:35:49.084" endtime="20240906 14:35:49.084"/>
</kw>
<kw name="Log" library="BuiltIn">
<arg>${response.json()}[books][0][title]</arg>
<doc>Logs the given message with the given level.</doc>
<msg timestamp="20240906 14:35:49.085" level="INFO">Git Pocket Guide</msg>
<status status="PASS" starttime="20240906 14:35:49.084" endtime="20240906 14:35:49.085"/>
</kw>
<kw name="Sleep" library="BuiltIn">
<arg>50s</arg>
<doc>Pauses the test executed for the given time.</doc>
<msg timestamp="20240906 14:36:39.097" level="INFO">Slept 50 seconds</msg>
<status status="PASS" starttime="20240906 14:35:49.085" endtime="20240906 14:36:39.097"/>
</kw>
<kw name="Should Be Equal" library="BuiltIn">
<arg>Git Pocket Guide</arg>
<arg>${response.json()}[books][0][title]</arg>
<doc>Fails if the given objects are unequal.</doc>
<status status="PASS" starttime="20240906 14:36:39.097" endtime="20240906 14:36:39.098"/>
</kw>
<tag>Testgrafana3</tag>
<status status="PASS" starttime="20240906 14:35:48.459" endtime="20240906 14:36:39.099"/>
</test>
<meta name="Application">robot-web-test</meta>
<status status="FAIL" starttime="20240906 14:35:46.946" endtime="20240906 14:36:39.102"/>
</suite>
<statistics>
<total>
<stat pass="2" fail="1" skip="0">All Tests</stat>
</total>
<tag>
<stat pass="1" fail="0" skip="0">Testgrafana1</stat>
<stat pass="0" fail="1" skip="0">Testgrafana2</stat>
<stat pass="1" fail="0" skip="0">Testgrafana3</stat>
</tag>
<suite>
<stat pass="2" fail="1" skip="0" id="s1" name="Get-book">Get-book</stat>
</suite>
</statistics>
<errors>
</errors>
</robot>
